<?xml version="1.0" encoding="UTF-8"?>
<!-- Generated by org.testng.reporters.JUnitReportReporter -->
<testsuite hostname="DESKTOP-8BMD8CT" failures="0" tests="2" name="com.qa.testLayer.TestBase" time="28.834" errors="0" timestamp="2022-09-09T19:46:18 IST" skipped="0">
  <testcase classname="com.qa.testLayer.TestBase" name="tearDown" time="0.002"/>
  <system-out/>
  <testcase classname="com.qa.testLayer.TestBase" name="setup" time="28.832"/>
  <system-out/>
</testsuite> <!-- com.qa.testLayer.TestBase -->
